<?xml version="1.0" encoding="UTF-8"?>
<testsuite xmlns:xsi="http://www.w3.org/2001/XMLSchema-instance" xsi:noNamespaceSchemaLocation="https://maven.apache.org/surefire/maven-surefire-plugin/xsd/surefire-test-report-3.0.xsd" version="3.0" name="uz.AuthApplicationTests" time="2.491" tests="1" errors="0" skipped="0" failures="0">
  <properties>
[...]
</properties>
  <testcase name="contextLoads" classname="uz.AuthApplicationTests" time="0.277">
    <system-out><![CDATA[
  .   ____          _            __ _ _
 /\\ / ___'_ __ _ _(_)_ __  __ _ \ \ \ \
( ( )\___ | '_ | '_| | '_ \/ _` | \ \ \ \
 \\/  ___)| |_)| | | | | || (_| |  ) ) ) )
  '  |____| .__|_| |_|_| |_\__, | / / / /
 =========|_|==============|___/=/_/_/_/
 :: Spring Boot ::                (v3.2.5)

2025-06-01T20:40:54.450+05:00  INFO 87303 --- [auth-service] [           main] uz.AuthApplicationTests                  : Starting AuthApplicationTests using Java 17.0.15 with PID 87303 (started by samirsharipov in /Users/samirsharipov/projectsExample/microservices-project /auth-service)
2025-06-01T20:40:54.451+05:00  INFO 87303 --- [auth-service] [           main] uz.AuthApplicationTests                  : No active profile set, falling back to 1 default profile: "default"
2025-06-01T20:40:54.750+05:00  INFO 87303 --- [auth-service] [           main] .s.d.r.c.RepositoryConfigurationDelegate : Bootstrapping Spring Data JPA repositories in DEFAULT mode.
2025-06-01T20:40:54.818+05:00  INFO 87303 --- [auth-service] [           main] .s.d.r.c.RepositoryConfigurationDelegate : Finished Spring Data repository scanning in 64 ms. Found 1 JPA repository interface.
2025-06-01T20:40:54.926+05:00  INFO 87303 --- [auth-service] [           main] o.s.cloud.context.scope.GenericScope     : BeanFactory id=b434b5f0-389f-3b06-b536-64c31958f600
2025-06-01T20:40:55.047+05:00  INFO 87303 --- [auth-service] [           main] o.hibernate.jpa.internal.util.LogHelper  : HHH000204: Processing PersistenceUnitInfo [name: default]
2025-06-01T20:40:55.075+05:00  INFO 87303 --- [auth-service] [           main] org.hibernate.Version                    : HHH000412: Hibernate ORM core version 6.4.4.Final
2025-06-01T20:40:55.090+05:00  INFO 87303 --- [auth-service] [           main] o.h.c.internal.RegionFactoryInitiator    : HHH000026: Second-level cache disabled
2025-06-01T20:40:55.190+05:00  INFO 87303 --- [auth-service] [           main] o.s.o.j.p.SpringPersistenceUnitInfo      : No LoadTimeWeaver setup: ignoring JPA class transformer
2025-06-01T20:40:55.201+05:00  INFO 87303 --- [auth-service] [           main] com.zaxxer.hikari.HikariDataSource       : HikariPool-1 - Starting...
2025-06-01T20:40:55.307+05:00  INFO 87303 --- [auth-service] [           main] com.zaxxer.hikari.pool.HikariPool        : HikariPool-1 - Added connection org.postgresql.jdbc.PgConnection@710afd47
2025-06-01T20:40:55.308+05:00  INFO 87303 --- [auth-service] [           main] com.zaxxer.hikari.HikariDataSource       : HikariPool-1 - Start completed.
2025-06-01T20:40:55.670+05:00  INFO 87303 --- [auth-service] [           main] o.h.e.t.j.p.i.JtaPlatformInitiator       : HHH000489: No JTA platform available (set 'hibernate.transaction.jta.platform' to enable JTA platform integration)
2025-06-01T20:40:55.712+05:00  INFO 87303 --- [auth-service] [           main] j.LocalContainerEntityManagerFactoryBean : Initialized JPA EntityManagerFactory for persistence unit 'default'
2025-06-01T20:40:55.883+05:00  WARN 87303 --- [auth-service] [           main] JpaBaseConfiguration$JpaWebConfiguration : spring.jpa.open-in-view is enabled by default. Therefore, database queries may be performed during view rendering. Explicitly configure spring.jpa.open-in-view to disable this warning
2025-06-01T20:40:56.006+05:00  INFO 87303 --- [auth-service] [           main] o.s.s.web.DefaultSecurityFilterChain     : Will secure any request with [org.springframework.security.web.session.DisableEncodeUrlFilter@65dafe50, org.springframework.security.web.context.request.async.WebAsyncManagerIntegrationFilter@29b2a94c, org.springframework.security.web.context.SecurityContextHolderFilter@3fae357f, org.springframework.security.web.header.HeaderWriterFilter@5fa3df, org.springframework.web.filter.CorsFilter@108d59b6, org.springframework.security.web.authentication.logout.LogoutFilter@31beb0d0, uz.example.authservice.filter.JwtAuthenticationFilter@3c62c81f, org.springframework.security.web.savedrequest.RequestCacheAwareFilter@6956081d, org.springframework.security.web.servletapi.SecurityContextHolderAwareRequestFilter@5d94c50e, org.springframework.security.web.authentication.AnonymousAuthenticationFilter@38d9c9c4, org.springframework.security.web.session.SessionManagementFilter@399acce3, org.springframework.security.web.access.ExceptionTranslationFilter@47b71556, org.springframework.security.web.access.intercept.AuthorizationFilter@3d5e3f58]
2025-06-01T20:40:56.156+05:00  INFO 87303 --- [auth-service] [           main] DiscoveryClientOptionalArgsConfiguration : Eureka HTTP Client uses RestTemplate.
2025-06-01T20:40:56.172+05:00  WARN 87303 --- [auth-service] [           main] iguration$LoadBalancerCaffeineWarnLogger : Spring Cloud LoadBalancer is currently working with the default cache. While this cache implementation is useful for development and tests, it's recommended to use Caffeine cache in production.You can switch to using Caffeine cache, by adding it and org.springframework.cache.caffeine.CaffeineCacheManager to the classpath.
2025-06-01T20:40:56.182+05:00  INFO 87303 --- [auth-service] [           main] o.s.c.n.eureka.InstanceInfoFactory       : Setting initial instance status as: STARTING
2025-06-01T20:40:56.190+05:00  INFO 87303 --- [auth-service] [           main] com.netflix.discovery.DiscoveryClient    : Initializing Eureka in region us-east-1
2025-06-01T20:40:56.192+05:00  INFO 87303 --- [auth-service] [           main] c.n.d.s.r.aws.ConfigClusterResolver      : Resolving eureka endpoints via configuration
2025-06-01T20:40:56.195+05:00  INFO 87303 --- [auth-service] [           main] com.netflix.discovery.DiscoveryClient    : Disable delta property : false
2025-06-01T20:40:56.195+05:00  INFO 87303 --- [auth-service] [           main] com.netflix.discovery.DiscoveryClient    : Single vip registry refresh property : null
2025-06-01T20:40:56.195+05:00  INFO 87303 --- [auth-service] [           main] com.netflix.discovery.DiscoveryClient    : Force full registry fetch : false
2025-06-01T20:40:56.195+05:00  INFO 87303 --- [auth-service] [           main] com.netflix.discovery.DiscoveryClient    : Application is null : false
2025-06-01T20:40:56.195+05:00  INFO 87303 --- [auth-service] [           main] com.netflix.discovery.DiscoveryClient    : Registered Applications size is zero : true
2025-06-01T20:40:56.195+05:00  INFO 87303 --- [auth-service] [           main] com.netflix.discovery.DiscoveryClient    : Application version is -1: true
2025-06-01T20:40:56.195+05:00  INFO 87303 --- [auth-service] [           main] com.netflix.discovery.DiscoveryClient    : Getting all instance registry info from the eureka server
2025-06-01T20:40:56.365+05:00  INFO 87303 --- [auth-service] [           main] com.netflix.discovery.DiscoveryClient    : The response status is 200
2025-06-01T20:40:56.366+05:00  INFO 87303 --- [auth-service] [           main] com.netflix.discovery.DiscoveryClient    : Starting heartbeat executor: renew interval is: 30
2025-06-01T20:40:56.367+05:00  INFO 87303 --- [auth-service] [           main] c.n.discovery.InstanceInfoReplicator     : InstanceInfoReplicator onDemand update allowed rate per min is 4
2025-06-01T20:40:56.367+05:00  INFO 87303 --- [auth-service] [           main] com.netflix.discovery.DiscoveryClient    : Discovery Client initialized at timestamp 1748792456367 with initial instances count: 3
2025-06-01T20:40:56.369+05:00  INFO 87303 --- [auth-service] [           main] o.s.c.n.e.s.EurekaServiceRegistry        : Registering application AUTH-SERVICE with eureka with status UP
2025-06-01T20:40:56.369+05:00  INFO 87303 --- [auth-service] [           main] com.netflix.discovery.DiscoveryClient    : Saw local status change event StatusChangeEvent [timestamp=1748792456369, current=UP, previous=STARTING]
2025-06-01T20:40:56.370+05:00  INFO 87303 --- [auth-service] [foReplicator-%d] com.netflix.discovery.DiscoveryClient    : DiscoveryClient_AUTH-SERVICE/172.20.10.3:auth-service:8080: registering service...
2025-06-01T20:40:56.379+05:00  INFO 87303 --- [auth-service] [           main] uz.AuthApplicationTests                  : Started AuthApplicationTests in 2.067 seconds (process running for 2.441)
2025-06-01T20:40:56.389+05:00  INFO 87303 --- [auth-service] [foReplicator-%d] com.netflix.discovery.DiscoveryClient    : DiscoveryClient_AUTH-SERVICE/172.20.10.3:auth-service:8080 - registration status: 204
]]></system-out>
  </testcase>
</testsuite>